[ 2017-09-04T08:37:22+08:00 ] 127.0.0.1 /
INFO: [ app_init ] --START--
INFO: Run Behavior\BuildLiteBehavior [ RunTime:0.000129s ]
INFO: [ app_init ] --END-- [ RunTime:0.011416s ]
INFO: [ app_begin ] --START--
INFO: Run Behavior\ReadHtmlCacheBehavior [ RunTime:0.005245s ]
INFO: [ app_begin ] --END-- [ RunTime:0.005357s ]
SQL: SHOW COLUMNS FROM `cms_position_content` [ RunTime:0.0246s ]
SQL: SHOW COLUMNS FROM `cms_position_content` [ RunTime:0.0011s ]
SQL: SELECT * FROM cms_position_content p left join cms_news as n on p.news_id = n.news_id  WHERE p.status <> -1  [ RunTime:0.0181s ]
SQL: SHOW COLUMNS FROM `cms_news` [ RunTime:0.0013s ]
NOTIC: [8] Undefined index: title /Library/WebServer/News/Application/Common/Model/contentModel.class.php 第 31 行.
NOTIC: [8] Undefined index: catid /Library/WebServer/News/Application/Common/Model/contentModel.class.php 第 39 行.
SQL: SELECT * FROM `cms_news` ORDER BY listorder desc, news_id desc  [ RunTime:0.0057s ]
SQL: SHOW COLUMNS FROM `cms_menu` [ RunTime:0.0011s ]
SQL: SELECT * FROM `cms_menu` WHERE `status` = 1 AND `type` = 0  [ RunTime:0.0027s ]
INFO: [ view_parse ] --START--
INFO: [ template_filter ] --START--
INFO: Run Behavior\ContentReplaceBehavior [ RunTime:0.000283s ]
INFO: [ template_filter ] --END-- [ RunTime:0.000383s ]
NOTIC: [8] Undefined index: name /Library/WebServer/News/Application/Runtime/Cache/Home/76c9f62bd3cfdcbee153fe5746e8b52e.php 第 19 行.
NOTIC: [8] Undefined index: name /Library/WebServer/News/Application/Runtime/Cache/Home/76c9f62bd3cfdcbee153fe5746e8b52e.php 第 19 行.
INFO: Run Behavior\ParseTemplateBehavior [ RunTime:0.033462s ]
INFO: [ view_parse ] --END-- [ RunTime:0.033551s ]
INFO: [ view_filter ] --START--
INFO: Run Behavior\WriteHtmlCacheBehavior [ RunTime:0.001573s ]
INFO: [ view_filter ] --END-- [ RunTime:0.001642s ]
INFO: [ view_parse ] --START--
INFO: [ template_filter ] --START--
INFO: Run Behavior\ContentReplaceBehavior [ RunTime:0.000066s ]
INFO: [ template_filter ] --END-- [ RunTime:-0.019394s ]
NOTIC: [8] Undefined variable: config /Library/WebServer/News/Application/Runtime/Cache/Home/2a94b8bda04ff446dcedd42276fc99ee.php 第 5 行.
NOTIC: [8] Undefined variable: config /Library/WebServer/News/Application/Runtime/Cache/Home/2a94b8bda04ff446dcedd42276fc99ee.php 第 6 行.
NOTIC: [8] Undefined variable: config /Library/WebServer/News/Application/Runtime/Cache/Home/2a94b8bda04ff446dcedd42276fc99ee.php 第 7 行.
NOTIC: [8] Undefined variable: result /Library/WebServer/News/Application/Runtime/Cache/Home/2a94b8bda04ff446dcedd42276fc99ee.php 第 21 行.
NOTIC: [8] Undefined variable: result /Library/WebServer/News/Application/Runtime/Cache/Home/2a94b8bda04ff446dcedd42276fc99ee.php 第 22 行.
NOTIC: [8] Undefined variable: result /Library/WebServer/News/Application/Runtime/Cache/Home/2a94b8bda04ff446dcedd42276fc99ee.php 第 22 行.
NOTIC: [8] Undefined variable: result /Library/WebServer/News/Application/Runtime/Cache/Home/2a94b8bda04ff446dcedd42276fc99ee.php 第 22 行.
NOTIC: [8] Undefined index: name /Library/WebServer/News/Application/Runtime/Cache/Home/2a94b8bda04ff446dcedd42276fc99ee.php 第 83 行.
NOTIC: [8] Undefined index: name /Library/WebServer/News/Application/Runtime/Cache/Home/2a94b8bda04ff446dcedd42276fc99ee.php 第 83 行.
INFO: Run Behavior\ParseTemplateBehavior [ RunTime:0.019621s ]
INFO: [ view_parse ] --END-- [ RunTime:-0.001762s ]
INFO: [ view_filter ] --START--
INFO: Run Behavior\WriteHtmlCacheBehavior [ RunTime:0.000015s ]
INFO: [ view_filter ] --END-- [ RunTime:-0.019820s ]
INFO: [ app_end ] --START--
INFO: Run Behavior\ShowPageTraceBehavior [ RunTime:0.001659s ]
INFO: [ app_end ] --END-- [ RunTime:0.001730s ]

[ 2017-09-04T08:37:24+08:00 ] 127.0.0.1 /index.php?c=detail&id=24
INFO: [ app_init ] --START--
INFO: Run Behavior\BuildLiteBehavior [ RunTime:0.000026s ]
INFO: [ app_init ] --END-- [ RunTime:0.000575s ]
INFO: [ app_begin ] --START--
INFO: Run Behavior\ReadHtmlCacheBehavior [ RunTime:0.000335s ]
INFO: [ app_begin ] --END-- [ RunTime:0.000371s ]
SQL: SHOW COLUMNS FROM `cms_news_content` [ RunTime:0.0008s ]
SQL: SELECT * FROM `cms_news_content` WHERE ( news_id=24 ) LIMIT 1   [ RunTime:0.0031s ]
INFO: [ view_parse ] --START--
INFO: [ template_filter ] --START--
INFO: Run Behavior\ContentReplaceBehavior [ RunTime:0.000054s ]
INFO: [ template_filter ] --END-- [ RunTime:0.000167s ]
NOTIC: [8] Undefined variable: config /Library/WebServer/News/Application/Runtime/Cache/Home/0d75cb75cd30b13fdd4834afd69acb19.php 第 5 行.
NOTIC: [8] Undefined variable: config /Library/WebServer/News/Application/Runtime/Cache/Home/0d75cb75cd30b13fdd4834afd69acb19.php 第 6 行.
NOTIC: [8] Undefined variable: config /Library/WebServer/News/Application/Runtime/Cache/Home/0d75cb75cd30b13fdd4834afd69acb19.php 第 7 行.
NOTIC: [8] Undefined variable: result /Library/WebServer/News/Application/Runtime/Cache/Home/0d75cb75cd30b13fdd4834afd69acb19.php 第 21 行.
NOTIC: [8] Undefined variable: navs /Library/WebServer/News/Application/Runtime/Cache/Home/0d75cb75cd30b13fdd4834afd69acb19.php 第 22 行.
NOTIC: [8] Undefined index: title /Library/WebServer/News/Application/Runtime/Cache/Home/0d75cb75cd30b13fdd4834afd69acb19.php 第 33 行.
NOTIC: [8] Undefined variable: news /Library/WebServer/News/Application/Runtime/Cache/Home/0d75cb75cd30b13fdd4834afd69acb19.php 第 48 行.
NOTIC: [8] Undefined variable: advNews /Library/WebServer/News/Application/Runtime/Cache/Home/0d75cb75cd30b13fdd4834afd69acb19.php 第 57 行.
INFO: Run Behavior\ParseTemplateBehavior [ RunTime:0.018711s ]
INFO: [ view_parse ] --END-- [ RunTime:0.018756s ]
INFO: [ view_filter ] --START--
INFO: Run Behavior\WriteHtmlCacheBehavior [ RunTime:0.000163s ]
INFO: [ view_filter ] --END-- [ RunTime:0.000199s ]
NOTIC: [2] Cannot modify header information - headers already sent by (output started at /Library/WebServer/News/ThinkPHP/Common/functions.php:850) /Library/WebServer/News/ThinkPHP/Library/Think/View.class.php 第 91 行.
NOTIC: [2] Cannot modify header information - headers already sent by (output started at /Library/WebServer/News/ThinkPHP/Common/functions.php:850) /Library/WebServer/News/ThinkPHP/Library/Think/View.class.php 第 92 行.
NOTIC: [2] Cannot modify header information - headers already sent by (output started at /Library/WebServer/News/ThinkPHP/Common/functions.php:850) /Library/WebServer/News/ThinkPHP/Library/Think/View.class.php 第 93 行.
INFO: [ app_end ] --START--
INFO: Run Behavior\ShowPageTraceBehavior [ RunTime:0.000880s ]
INFO: [ app_end ] --END-- [ RunTime:0.000958s ]

[ 2017-09-04T08:37:49+08:00 ] 127.0.0.1 /index.php?c=detail&id=24
INFO: [ app_init ] --START--
INFO: Run Behavior\BuildLiteBehavior [ RunTime:0.000033s ]
INFO: [ app_init ] --END-- [ RunTime:0.000598s ]
INFO: [ app_begin ] --START--
INFO: Run Behavior\ReadHtmlCacheBehavior [ RunTime:0.000438s ]
INFO: [ app_begin ] --END-- [ RunTime:0.000480s ]
SQL: SHOW COLUMNS FROM `cms_news_content` [ RunTime:0.0008s ]
SQL: SELECT * FROM `cms_news_content` WHERE ( news_id=24 ) LIMIT 1   [ RunTime:0.0004s ]
INFO: [ view_parse ] --START--
INFO: [ template_filter ] --START--
INFO: Run Behavior\ContentReplaceBehavior [ RunTime:0.000080s ]
INFO: [ template_filter ] --END-- [ RunTime:0.000185s ]
NOTIC: [8] Undefined variable: config /Library/WebServer/News/Application/Runtime/Cache/Home/0d75cb75cd30b13fdd4834afd69acb19.php 第 5 行.
NOTIC: [8] Undefined variable: config /Library/WebServer/News/Application/Runtime/Cache/Home/0d75cb75cd30b13fdd4834afd69acb19.php 第 6 行.
NOTIC: [8] Undefined variable: config /Library/WebServer/News/Application/Runtime/Cache/Home/0d75cb75cd30b13fdd4834afd69acb19.php 第 7 行.
NOTIC: [8] Undefined variable: result /Library/WebServer/News/Application/Runtime/Cache/Home/0d75cb75cd30b13fdd4834afd69acb19.php 第 21 行.
NOTIC: [8] Undefined variable: navs /Library/WebServer/News/Application/Runtime/Cache/Home/0d75cb75cd30b13fdd4834afd69acb19.php 第 22 行.
NOTIC: [8] Undefined index: title /Library/WebServer/News/Application/Runtime/Cache/Home/0d75cb75cd30b13fdd4834afd69acb19.php 第 33 行.
NOTIC: [8] Undefined variable: news /Library/WebServer/News/Application/Runtime/Cache/Home/0d75cb75cd30b13fdd4834afd69acb19.php 第 48 行.
NOTIC: [8] Undefined variable: advNews /Library/WebServer/News/Application/Runtime/Cache/Home/0d75cb75cd30b13fdd4834afd69acb19.php 第 57 行.
INFO: Run Behavior\ParseTemplateBehavior [ RunTime:0.008291s ]
INFO: [ view_parse ] --END-- [ RunTime:0.008339s ]
INFO: [ view_filter ] --START--
INFO: Run Behavior\WriteHtmlCacheBehavior [ RunTime:0.000247s ]
INFO: [ view_filter ] --END-- [ RunTime:0.000303s ]
INFO: [ app_end ] --START--
INFO: Run Behavior\ShowPageTraceBehavior [ RunTime:0.000640s ]
INFO: [ app_end ] --END-- [ RunTime:0.000735s ]

[ 2017-09-04T08:37:54+08:00 ] 127.0.0.1 /
INFO: [ app_init ] --START--
INFO: Run Behavior\BuildLiteBehavior [ RunTime:0.000029s ]
INFO: [ app_init ] --END-- [ RunTime:0.000464s ]
INFO: [ app_begin ] --START--
INFO: Run Behavior\ReadHtmlCacheBehavior [ RunTime:0.000759s ]
INFO: [ app_begin ] --END-- [ RunTime:0.000823s ]
SQL: SHOW COLUMNS FROM `cms_position_content` [ RunTime:0.0008s ]
SQL: SHOW COLUMNS FROM `cms_position_content` [ RunTime:0.0005s ]
SQL: SELECT * FROM cms_position_content p left join cms_news as n on p.news_id = n.news_id  WHERE p.status <> -1  [ RunTime:0.0006s ]
SQL: SHOW COLUMNS FROM `cms_news` [ RunTime:0.0008s ]
NOTIC: [8] Undefined index: title /Library/WebServer/News/Application/Common/Model/contentModel.class.php 第 31 行.
NOTIC: [8] Undefined index: catid /Library/WebServer/News/Application/Common/Model/contentModel.class.php 第 39 行.
SQL: SELECT * FROM `cms_news` ORDER BY listorder desc, news_id desc  [ RunTime:0.0005s ]
SQL: SHOW COLUMNS FROM `cms_menu` [ RunTime:0.0030s ]
SQL: SELECT * FROM `cms_menu` WHERE `status` = 1 AND `type` = 0  [ RunTime:0.0004s ]
INFO: [ view_parse ] --START--
INFO: [ template_filter ] --START--
INFO: Run Behavior\ContentReplaceBehavior [ RunTime:0.000061s ]
INFO: [ template_filter ] --END-- [ RunTime:0.000110s ]
NOTIC: [8] Undefined index: name /Library/WebServer/News/Application/Runtime/Cache/Home/76c9f62bd3cfdcbee153fe5746e8b52e.php 第 19 行.
NOTIC: [8] Undefined index: name /Library/WebServer/News/Application/Runtime/Cache/Home/76c9f62bd3cfdcbee153fe5746e8b52e.php 第 19 行.
INFO: Run Behavior\ParseTemplateBehavior [ RunTime:0.011741s ]
INFO: [ view_parse ] --END-- [ RunTime:0.011839s ]
INFO: [ view_filter ] --START--
INFO: Run Behavior\WriteHtmlCacheBehavior [ RunTime:0.000218s ]
INFO: [ view_filter ] --END-- [ RunTime:0.000266s ]
INFO: [ view_parse ] --START--
INFO: [ template_filter ] --START--
INFO: Run Behavior\ContentReplaceBehavior [ RunTime:0.000059s ]
INFO: [ template_filter ] --END-- [ RunTime:-0.015816s ]
NOTIC: [8] Undefined variable: config /Library/WebServer/News/Application/Runtime/Cache/Home/2a94b8bda04ff446dcedd42276fc99ee.php 第 5 行.
NOTIC: [8] Undefined variable: config /Library/WebServer/News/Application/Runtime/Cache/Home/2a94b8bda04ff446dcedd42276fc99ee.php 第 6 行.
NOTIC: [8] Undefined variable: config /Library/WebServer/News/Application/Runtime/Cache/Home/2a94b8bda04ff446dcedd42276fc99ee.php 第 7 行.
NOTIC: [8] Undefined variable: result /Library/WebServer/News/Application/Runtime/Cache/Home/2a94b8bda04ff446dcedd42276fc99ee.php 第 21 行.
NOTIC: [8] Undefined variable: result /Library/WebServer/News/Application/Runtime/Cache/Home/2a94b8bda04ff446dcedd42276fc99ee.php 第 22 行.
NOTIC: [8] Undefined variable: result /Library/WebServer/News/Application/Runtime/Cache/Home/2a94b8bda04ff446dcedd42276fc99ee.php 第 22 行.
NOTIC: [8] Undefined variable: result /Library/WebServer/News/Application/Runtime/Cache/Home/2a94b8bda04ff446dcedd42276fc99ee.php 第 22 行.
NOTIC: [8] Undefined index: name /Library/WebServer/News/Application/Runtime/Cache/Home/2a94b8bda04ff446dcedd42276fc99ee.php 第 83 行.
NOTIC: [8] Undefined index: name /Library/WebServer/News/Application/Runtime/Cache/Home/2a94b8bda04ff446dcedd42276fc99ee.php 第 83 行.
INFO: Run Behavior\ParseTemplateBehavior [ RunTime:0.014618s ]
INFO: [ view_parse ] --END-- [ RunTime:-0.000368s ]
INFO: [ view_filter ] --START--
INFO: Run Behavior\WriteHtmlCacheBehavior [ RunTime:0.000015s ]
INFO: [ view_filter ] --END-- [ RunTime:-0.014791s ]
INFO: [ app_end ] --START--
INFO: Run Behavior\ShowPageTraceBehavior [ RunTime:0.000637s ]
INFO: [ app_end ] --END-- [ RunTime:0.000689s ]

[ 2017-09-04T08:37:56+08:00 ] 127.0.0.1 /index.php?c=detail&id=22
INFO: [ app_init ] --START--
INFO: Run Behavior\BuildLiteBehavior [ RunTime:0.000009s ]
INFO: [ app_init ] --END-- [ RunTime:0.000198s ]
INFO: [ app_begin ] --START--
INFO: Run Behavior\ReadHtmlCacheBehavior [ RunTime:0.000415s ]
INFO: [ app_begin ] --END-- [ RunTime:0.000513s ]
SQL: SHOW COLUMNS FROM `cms_news_content` [ RunTime:0.0009s ]
SQL: SELECT * FROM `cms_news_content` WHERE ( news_id=22 ) LIMIT 1   [ RunTime:0.0023s ]
INFO: [ view_parse ] --START--
INFO: [ template_filter ] --START--
INFO: Run Behavior\ContentReplaceBehavior [ RunTime:0.000032s ]
INFO: [ template_filter ] --END-- [ RunTime:0.000074s ]
NOTIC: [8] Undefined variable: config /Library/WebServer/News/Application/Runtime/Cache/Home/0d75cb75cd30b13fdd4834afd69acb19.php 第 5 行.
NOTIC: [8] Undefined variable: config /Library/WebServer/News/Application/Runtime/Cache/Home/0d75cb75cd30b13fdd4834afd69acb19.php 第 6 行.
NOTIC: [8] Undefined variable: config /Library/WebServer/News/Application/Runtime/Cache/Home/0d75cb75cd30b13fdd4834afd69acb19.php 第 7 行.
NOTIC: [8] Undefined variable: result /Library/WebServer/News/Application/Runtime/Cache/Home/0d75cb75cd30b13fdd4834afd69acb19.php 第 21 行.
NOTIC: [8] Undefined variable: navs /Library/WebServer/News/Application/Runtime/Cache/Home/0d75cb75cd30b13fdd4834afd69acb19.php 第 22 行.
NOTIC: [8] Undefined index: title /Library/WebServer/News/Application/Runtime/Cache/Home/0d75cb75cd30b13fdd4834afd69acb19.php 第 33 行.
NOTIC: [8] Undefined variable: news /Library/WebServer/News/Application/Runtime/Cache/Home/0d75cb75cd30b13fdd4834afd69acb19.php 第 48 行.
NOTIC: [8] Undefined variable: advNews /Library/WebServer/News/Application/Runtime/Cache/Home/0d75cb75cd30b13fdd4834afd69acb19.php 第 57 行.
INFO: Run Behavior\ParseTemplateBehavior [ RunTime:0.011995s ]
INFO: [ view_parse ] --END-- [ RunTime:0.012040s ]
INFO: [ view_filter ] --START--
INFO: Run Behavior\WriteHtmlCacheBehavior [ RunTime:0.000134s ]
INFO: [ view_filter ] --END-- [ RunTime:0.000163s ]
INFO: [ app_end ] --START--
INFO: Run Behavior\ShowPageTraceBehavior [ RunTime:0.000355s ]
INFO: [ app_end ] --END-- [ RunTime:0.000386s ]

[ 2017-09-04T08:38:29+08:00 ] 127.0.0.1 /
INFO: [ app_init ] --START--
INFO: Run Behavior\BuildLiteBehavior [ RunTime:0.000019s ]
INFO: [ app_init ] --END-- [ RunTime:0.000310s ]
INFO: [ app_begin ] --START--
INFO: Run Behavior\ReadHtmlCacheBehavior [ RunTime:0.000425s ]
INFO: [ app_begin ] --END-- [ RunTime:0.000467s ]
SQL: SHOW COLUMNS FROM `cms_position_content` [ RunTime:0.0008s ]
SQL: SHOW COLUMNS FROM `cms_position_content` [ RunTime:0.0006s ]
SQL: SELECT * FROM cms_position_content p left join cms_news as n on p.news_id = n.news_id  WHERE p.status <> -1  [ RunTime:0.0009s ]
SQL: SHOW COLUMNS FROM `cms_news` [ RunTime:0.0006s ]
NOTIC: [8] Undefined index: title /Library/WebServer/News/Application/Common/Model/contentModel.class.php 第 31 行.
NOTIC: [8] Undefined index: catid /Library/WebServer/News/Application/Common/Model/contentModel.class.php 第 39 行.
SQL: SELECT * FROM `cms_news` ORDER BY listorder desc, news_id desc  [ RunTime:0.0003s ]
SQL: SHOW COLUMNS FROM `cms_menu` [ RunTime:0.0005s ]
SQL: SELECT * FROM `cms_menu` WHERE `status` = 1 AND `type` = 0  [ RunTime:0.0004s ]
INFO: [ view_parse ] --START--
INFO: [ template_filter ] --START--
INFO: Run Behavior\ContentReplaceBehavior [ RunTime:0.000060s ]
INFO: [ template_filter ] --END-- [ RunTime:0.000115s ]
NOTIC: [8] Undefined index: name /Library/WebServer/News/Application/Runtime/Cache/Home/76c9f62bd3cfdcbee153fe5746e8b52e.php 第 19 行.
NOTIC: [8] Undefined index: name /Library/WebServer/News/Application/Runtime/Cache/Home/76c9f62bd3cfdcbee153fe5746e8b52e.php 第 19 行.
INFO: Run Behavior\ParseTemplateBehavior [ RunTime:0.005863s ]
INFO: [ view_parse ] --END-- [ RunTime:0.005903s ]
INFO: [ view_filter ] --START--
INFO: Run Behavior\WriteHtmlCacheBehavior [ RunTime:0.000104s ]
INFO: [ view_filter ] --END-- [ RunTime:0.000126s ]
INFO: [ view_parse ] --START--
INFO: [ template_filter ] --START--
INFO: Run Behavior\ContentReplaceBehavior [ RunTime:0.000030s ]
INFO: [ template_filter ] --END-- [ RunTime:-0.005009s ]
NOTIC: [8] Undefined variable: config /Library/WebServer/News/Application/Runtime/Cache/Home/2a94b8bda04ff446dcedd42276fc99ee.php 第 5 行.
NOTIC: [8] Undefined variable: config /Library/WebServer/News/Application/Runtime/Cache/Home/2a94b8bda04ff446dcedd42276fc99ee.php 第 6 行.
NOTIC: [8] Undefined variable: config /Library/WebServer/News/Application/Runtime/Cache/Home/2a94b8bda04ff446dcedd42276fc99ee.php 第 7 行.
NOTIC: [8] Undefined variable: result /Library/WebServer/News/Application/Runtime/Cache/Home/2a94b8bda04ff446dcedd42276fc99ee.php 第 21 行.
NOTIC: [8] Undefined variable: result /Library/WebServer/News/Application/Runtime/Cache/Home/2a94b8bda04ff446dcedd42276fc99ee.php 第 22 行.
NOTIC: [8] Undefined variable: result /Library/WebServer/News/Application/Runtime/Cache/Home/2a94b8bda04ff446dcedd42276fc99ee.php 第 22 行.
NOTIC: [8] Undefined variable: result /Library/WebServer/News/Application/Runtime/Cache/Home/2a94b8bda04ff446dcedd42276fc99ee.php 第 22 行.
NOTIC: [8] Undefined index: name /Library/WebServer/News/Application/Runtime/Cache/Home/2a94b8bda04ff446dcedd42276fc99ee.php 第 83 行.
NOTIC: [8] Undefined index: name /Library/WebServer/News/Application/Runtime/Cache/Home/2a94b8bda04ff446dcedd42276fc99ee.php 第 83 行.
INFO: Run Behavior\ParseTemplateBehavior [ RunTime:0.005626s ]
INFO: [ view_parse ] --END-- [ RunTime:-0.000174s ]
INFO: [ view_filter ] --START--
INFO: Run Behavior\WriteHtmlCacheBehavior [ RunTime:0.000006s ]
INFO: [ view_filter ] --END-- [ RunTime:-0.005705s ]
INFO: [ app_end ] --START--
INFO: Run Behavior\ShowPageTraceBehavior [ RunTime:0.000326s ]
INFO: [ app_end ] --END-- [ RunTime:0.000351s ]

[ 2017-09-04T08:38:32+08:00 ] 127.0.0.1 /index.php?c=cat&id=12
INFO: [ app_init ] --START--
INFO: Run Behavior\BuildLiteBehavior [ RunTime:0.000008s ]
INFO: [ app_init ] --END-- [ RunTime:0.000194s ]
INFO: [ app_begin ] --START--
INFO: Run Behavior\ReadHtmlCacheBehavior [ RunTime:0.000529s ]
INFO: [ app_begin ] --END-- [ RunTime:0.000602s ]
SQL: SHOW COLUMNS FROM `cms_news` [ RunTime:0.0008s ]
SQL: SELECT * FROM `cms_news` WHERE ( catid=12 )  [ RunTime:0.0005s ]
INFO: [ view_parse ] --START--
INFO: [ template_filter ] --START--
INFO: Run Behavior\ContentReplaceBehavior [ RunTime:0.000059s ]
INFO: [ template_filter ] --END-- [ RunTime:0.000125s ]
NOTIC: [8] Undefined variable: config /Library/WebServer/News/Application/Runtime/Cache/Home/14fcc139096cfd1d2075eb8db7e60b1e.php 第 5 行.
NOTIC: [8] Undefined variable: config /Library/WebServer/News/Application/Runtime/Cache/Home/14fcc139096cfd1d2075eb8db7e60b1e.php 第 6 行.
NOTIC: [8] Undefined variable: config /Library/WebServer/News/Application/Runtime/Cache/Home/14fcc139096cfd1d2075eb8db7e60b1e.php 第 7 行.
NOTIC: [8] Undefined variable: result /Library/WebServer/News/Application/Runtime/Cache/Home/14fcc139096cfd1d2075eb8db7e60b1e.php 第 21 行.
NOTIC: [8] Undefined variable: navs /Library/WebServer/News/Application/Runtime/Cache/Home/14fcc139096cfd1d2075eb8db7e60b1e.php 第 22 行.
NOTIC: [8] Undefined variable: result /Library/WebServer/News/Application/Runtime/Cache/Home/14fcc139096cfd1d2075eb8db7e60b1e.php 第 45 行.
NOTIC: [8] Undefined variable: news /Library/WebServer/News/Application/Runtime/Cache/Home/14fcc139096cfd1d2075eb8db7e60b1e.php 第 61 行.
NOTIC: [8] Undefined variable: advNews /Library/WebServer/News/Application/Runtime/Cache/Home/14fcc139096cfd1d2075eb8db7e60b1e.php 第 70 行.
INFO: Run Behavior\ParseTemplateBehavior [ RunTime:0.014228s ]
INFO: [ view_parse ] --END-- [ RunTime:0.014274s ]
INFO: [ view_filter ] --START--
INFO: Run Behavior\WriteHtmlCacheBehavior [ RunTime:0.000216s ]
INFO: [ view_filter ] --END-- [ RunTime:0.000260s ]
INFO: [ app_end ] --START--
INFO: Run Behavior\ShowPageTraceBehavior [ RunTime:0.000540s ]
INFO: [ app_end ] --END-- [ RunTime:0.000590s ]

[ 2017-09-04T08:38:37+08:00 ] 127.0.0.1 /
INFO: [ app_init ] --START--
INFO: Run Behavior\BuildLiteBehavior [ RunTime:0.000008s ]
INFO: [ app_init ] --END-- [ RunTime:0.000191s ]
INFO: [ app_begin ] --START--
INFO: Run Behavior\ReadHtmlCacheBehavior [ RunTime:0.000241s ]
INFO: [ app_begin ] --END-- [ RunTime:0.000269s ]
SQL: SHOW COLUMNS FROM `cms_position_content` [ RunTime:0.0007s ]
SQL: SHOW COLUMNS FROM `cms_position_content` [ RunTime:0.0006s ]
SQL: SELECT * FROM cms_position_content p left join cms_news as n on p.news_id = n.news_id  WHERE p.status <> -1  [ RunTime:0.0008s ]
SQL: SHOW COLUMNS FROM `cms_news` [ RunTime:0.0007s ]
NOTIC: [8] Undefined index: title /Library/WebServer/News/Application/Common/Model/contentModel.class.php 第 31 行.
NOTIC: [8] Undefined index: catid /Library/WebServer/News/Application/Common/Model/contentModel.class.php 第 39 行.
SQL: SELECT * FROM `cms_news` ORDER BY listorder desc, news_id desc  [ RunTime:0.0003s ]
SQL: SHOW COLUMNS FROM `cms_menu` [ RunTime:0.0006s ]
SQL: SELECT * FROM `cms_menu` WHERE `status` = 1 AND `type` = 0  [ RunTime:0.0003s ]
INFO: [ view_parse ] --START--
INFO: [ template_filter ] --START--
INFO: Run Behavior\ContentReplaceBehavior [ RunTime:0.000024s ]
INFO: [ template_filter ] --END-- [ RunTime:0.000057s ]
NOTIC: [8] Undefined index: name /Library/WebServer/News/Application/Runtime/Cache/Home/76c9f62bd3cfdcbee153fe5746e8b52e.php 第 19 行.
NOTIC: [8] Undefined index: name /Library/WebServer/News/Application/Runtime/Cache/Home/76c9f62bd3cfdcbee153fe5746e8b52e.php 第 19 行.
INFO: Run Behavior\ParseTemplateBehavior [ RunTime:0.004005s ]
INFO: [ view_parse ] --END-- [ RunTime:0.004030s ]
INFO: [ view_filter ] --START--
INFO: Run Behavior\WriteHtmlCacheBehavior [ RunTime:0.000093s ]
INFO: [ view_filter ] --END-- [ RunTime:0.000115s ]
INFO: [ view_parse ] --START--
INFO: [ template_filter ] --START--
INFO: Run Behavior\ContentReplaceBehavior [ RunTime:0.000052s ]
INFO: [ template_filter ] --END-- [ RunTime:-0.006425s ]
NOTIC: [8] Undefined variable: config /Library/WebServer/News/Application/Runtime/Cache/Home/2a94b8bda04ff446dcedd42276fc99ee.php 第 5 行.
NOTIC: [8] Undefined variable: config /Library/WebServer/News/Application/Runtime/Cache/Home/2a94b8bda04ff446dcedd42276fc99ee.php 第 6 行.
NOTIC: [8] Undefined variable: config /Library/WebServer/News/Application/Runtime/Cache/Home/2a94b8bda04ff446dcedd42276fc99ee.php 第 7 行.
NOTIC: [8] Undefined variable: result /Library/WebServer/News/Application/Runtime/Cache/Home/2a94b8bda04ff446dcedd42276fc99ee.php 第 21 行.
NOTIC: [8] Undefined variable: result /Library/WebServer/News/Application/Runtime/Cache/Home/2a94b8bda04ff446dcedd42276fc99ee.php 第 22 行.
NOTIC: [8] Undefined variable: result /Library/WebServer/News/Application/Runtime/Cache/Home/2a94b8bda04ff446dcedd42276fc99ee.php 第 22 行.
NOTIC: [8] Undefined variable: result /Library/WebServer/News/Application/Runtime/Cache/Home/2a94b8bda04ff446dcedd42276fc99ee.php 第 22 行.
NOTIC: [8] Undefined index: name /Library/WebServer/News/Application/Runtime/Cache/Home/2a94b8bda04ff446dcedd42276fc99ee.php 第 83 行.
NOTIC: [8] Undefined index: name /Library/WebServer/News/Application/Runtime/Cache/Home/2a94b8bda04ff446dcedd42276fc99ee.php 第 83 行.
INFO: Run Behavior\ParseTemplateBehavior [ RunTime:0.007289s ]
INFO: [ view_parse ] --END-- [ RunTime:-0.000161s ]
INFO: [ view_filter ] --START--
INFO: Run Behavior\WriteHtmlCacheBehavior [ RunTime:0.000009s ]
INFO: [ view_filter ] --END-- [ RunTime:-0.007365s ]
INFO: [ app_end ] --START--
INFO: Run Behavior\ShowPageTraceBehavior [ RunTime:0.000655s ]
INFO: [ app_end ] --END-- [ RunTime:0.000710s ]

[ 2017-09-04T08:38:39+08:00 ] 127.0.0.1 /index.php?c=cat&id=8
INFO: [ app_init ] --START--
INFO: Run Behavior\BuildLiteBehavior [ RunTime:0.000008s ]
INFO: [ app_init ] --END-- [ RunTime:0.000194s ]
INFO: [ app_begin ] --START--
INFO: Run Behavior\ReadHtmlCacheBehavior [ RunTime:0.000241s ]
INFO: [ app_begin ] --END-- [ RunTime:0.000269s ]
SQL: SHOW COLUMNS FROM `cms_news` [ RunTime:0.0007s ]
SQL: SELECT * FROM `cms_news` WHERE ( catid=8 )  [ RunTime:0.0004s ]
INFO: [ view_parse ] --START--
INFO: [ template_filter ] --START--
INFO: Run Behavior\ContentReplaceBehavior [ RunTime:0.000040s ]
INFO: [ template_filter ] --END-- [ RunTime:0.000082s ]
NOTIC: [8] Undefined variable: config /Library/WebServer/News/Application/Runtime/Cache/Home/14fcc139096cfd1d2075eb8db7e60b1e.php 第 5 行.
NOTIC: [8] Undefined variable: config /Library/WebServer/News/Application/Runtime/Cache/Home/14fcc139096cfd1d2075eb8db7e60b1e.php 第 6 行.
NOTIC: [8] Undefined variable: config /Library/WebServer/News/Application/Runtime/Cache/Home/14fcc139096cfd1d2075eb8db7e60b1e.php 第 7 行.
NOTIC: [8] Undefined variable: result /Library/WebServer/News/Application/Runtime/Cache/Home/14fcc139096cfd1d2075eb8db7e60b1e.php 第 21 行.
NOTIC: [8] Undefined variable: navs /Library/WebServer/News/Application/Runtime/Cache/Home/14fcc139096cfd1d2075eb8db7e60b1e.php 第 22 行.
NOTIC: [8] Undefined variable: result /Library/WebServer/News/Application/Runtime/Cache/Home/14fcc139096cfd1d2075eb8db7e60b1e.php 第 45 行.
NOTIC: [8] Undefined variable: news /Library/WebServer/News/Application/Runtime/Cache/Home/14fcc139096cfd1d2075eb8db7e60b1e.php 第 61 行.
NOTIC: [8] Undefined variable: advNews /Library/WebServer/News/Application/Runtime/Cache/Home/14fcc139096cfd1d2075eb8db7e60b1e.php 第 70 行.
INFO: Run Behavior\ParseTemplateBehavior [ RunTime:0.008035s ]
INFO: [ view_parse ] --END-- [ RunTime:0.008069s ]
INFO: [ view_filter ] --START--
INFO: Run Behavior\WriteHtmlCacheBehavior [ RunTime:0.000163s ]
INFO: [ view_filter ] --END-- [ RunTime:0.000232s ]
INFO: [ app_end ] --START--
INFO: Run Behavior\ShowPageTraceBehavior [ RunTime:0.000365s ]
INFO: [ app_end ] --END-- [ RunTime:0.000396s ]

[ 2017-09-04T08:38:41+08:00 ] 127.0.0.1 /
INFO: [ app_init ] --START--
INFO: Run Behavior\BuildLiteBehavior [ RunTime:0.000011s ]
INFO: [ app_init ] --END-- [ RunTime:0.000262s ]
INFO: [ app_begin ] --START--
INFO: Run Behavior\ReadHtmlCacheBehavior [ RunTime:0.000324s ]
INFO: [ app_begin ] --END-- [ RunTime:0.000360s ]
SQL: SHOW COLUMNS FROM `cms_position_content` [ RunTime:0.0008s ]
SQL: SHOW COLUMNS FROM `cms_position_content` [ RunTime:0.0006s ]
SQL: SELECT * FROM cms_position_content p left join cms_news as n on p.news_id = n.news_id  WHERE p.status <> -1  [ RunTime:0.0006s ]
SQL: SHOW COLUMNS FROM `cms_news` [ RunTime:0.0006s ]
NOTIC: [8] Undefined index: title /Library/WebServer/News/Application/Common/Model/contentModel.class.php 第 31 行.
NOTIC: [8] Undefined index: catid /Library/WebServer/News/Application/Common/Model/contentModel.class.php 第 39 行.
SQL: SELECT * FROM `cms_news` ORDER BY listorder desc, news_id desc  [ RunTime:0.0005s ]
SQL: SHOW COLUMNS FROM `cms_menu` [ RunTime:0.0008s ]
SQL: SELECT * FROM `cms_menu` WHERE `status` = 1 AND `type` = 0  [ RunTime:0.0004s ]
INFO: [ view_parse ] --START--
INFO: [ template_filter ] --START--
INFO: Run Behavior\ContentReplaceBehavior [ RunTime:0.000025s ]
INFO: [ template_filter ] --END-- [ RunTime:0.000059s ]
NOTIC: [8] Undefined index: name /Library/WebServer/News/Application/Runtime/Cache/Home/76c9f62bd3cfdcbee153fe5746e8b52e.php 第 19 行.
NOTIC: [8] Undefined index: name /Library/WebServer/News/Application/Runtime/Cache/Home/76c9f62bd3cfdcbee153fe5746e8b52e.php 第 19 行.
INFO: Run Behavior\ParseTemplateBehavior [ RunTime:0.004458s ]
INFO: [ view_parse ] --END-- [ RunTime:0.004486s ]
INFO: [ view_filter ] --START--
INFO: Run Behavior\WriteHtmlCacheBehavior [ RunTime:0.000093s ]
INFO: [ view_filter ] --END-- [ RunTime:0.000115s ]
INFO: [ view_parse ] --START--
INFO: [ template_filter ] --START--
INFO: Run Behavior\ContentReplaceBehavior [ RunTime:0.000028s ]
INFO: [ template_filter ] --END-- [ RunTime:-0.004400s ]
NOTIC: [8] Undefined variable: config /Library/WebServer/News/Application/Runtime/Cache/Home/2a94b8bda04ff446dcedd42276fc99ee.php 第 5 行.
NOTIC: [8] Undefined variable: config /Library/WebServer/News/Application/Runtime/Cache/Home/2a94b8bda04ff446dcedd42276fc99ee.php 第 6 行.
NOTIC: [8] Undefined variable: config /Library/WebServer/News/Application/Runtime/Cache/Home/2a94b8bda04ff446dcedd42276fc99ee.php 第 7 行.
NOTIC: [8] Undefined variable: result /Library/WebServer/News/Application/Runtime/Cache/Home/2a94b8bda04ff446dcedd42276fc99ee.php 第 21 行.
NOTIC: [8] Undefined variable: result /Library/WebServer/News/Application/Runtime/Cache/Home/2a94b8bda04ff446dcedd42276fc99ee.php 第 22 行.
NOTIC: [8] Undefined variable: result /Library/WebServer/News/Application/Runtime/Cache/Home/2a94b8bda04ff446dcedd42276fc99ee.php 第 22 行.
NOTIC: [8] Undefined variable: result /Library/WebServer/News/Application/Runtime/Cache/Home/2a94b8bda04ff446dcedd42276fc99ee.php 第 22 行.
NOTIC: [8] Undefined index: name /Library/WebServer/News/Application/Runtime/Cache/Home/2a94b8bda04ff446dcedd42276fc99ee.php 第 83 行.
NOTIC: [8] Undefined index: name /Library/WebServer/News/Application/Runtime/Cache/Home/2a94b8bda04ff446dcedd42276fc99ee.php 第 83 行.
INFO: Run Behavior\ParseTemplateBehavior [ RunTime:0.004868s ]
INFO: [ view_parse ] --END-- [ RunTime:-0.000162s ]
INFO: [ view_filter ] --START--
INFO: Run Behavior\WriteHtmlCacheBehavior [ RunTime:0.000006s ]
INFO: [ view_filter ] --END-- [ RunTime:-0.004937s ]
INFO: [ app_end ] --START--
INFO: Run Behavior\ShowPageTraceBehavior [ RunTime:0.000284s ]
INFO: [ app_end ] --END-- [ RunTime:0.000357s ]

[ 2017-09-04T08:38:42+08:00 ] 127.0.0.1 /index.php?c=cat&id=3
INFO: [ app_init ] --START--
INFO: Run Behavior\BuildLiteBehavior [ RunTime:0.000011s ]
INFO: [ app_init ] --END-- [ RunTime:0.000252s ]
INFO: [ app_begin ] --START--
INFO: Run Behavior\ReadHtmlCacheBehavior [ RunTime:0.000255s ]
INFO: [ app_begin ] --END-- [ RunTime:0.000282s ]
SQL: SHOW COLUMNS FROM `cms_news` [ RunTime:0.0006s ]
SQL: SELECT * FROM `cms_news` WHERE ( catid=3 )  [ RunTime:0.0004s ]
INFO: [ view_parse ] --START--
INFO: [ template_filter ] --START--
INFO: Run Behavior\ContentReplaceBehavior [ RunTime:0.000034s ]
INFO: [ template_filter ] --END-- [ RunTime:0.000071s ]
NOTIC: [8] Undefined variable: config /Library/WebServer/News/Application/Runtime/Cache/Home/14fcc139096cfd1d2075eb8db7e60b1e.php 第 5 行.
NOTIC: [8] Undefined variable: config /Library/WebServer/News/Application/Runtime/Cache/Home/14fcc139096cfd1d2075eb8db7e60b1e.php 第 6 行.
NOTIC: [8] Undefined variable: config /Library/WebServer/News/Application/Runtime/Cache/Home/14fcc139096cfd1d2075eb8db7e60b1e.php 第 7 行.
NOTIC: [8] Undefined variable: result /Library/WebServer/News/Application/Runtime/Cache/Home/14fcc139096cfd1d2075eb8db7e60b1e.php 第 21 行.
NOTIC: [8] Undefined variable: navs /Library/WebServer/News/Application/Runtime/Cache/Home/14fcc139096cfd1d2075eb8db7e60b1e.php 第 22 行.
NOTIC: [8] Undefined variable: result /Library/WebServer/News/Application/Runtime/Cache/Home/14fcc139096cfd1d2075eb8db7e60b1e.php 第 45 行.
NOTIC: [8] Undefined variable: news /Library/WebServer/News/Application/Runtime/Cache/Home/14fcc139096cfd1d2075eb8db7e60b1e.php 第 61 行.
NOTIC: [8] Undefined variable: advNews /Library/WebServer/News/Application/Runtime/Cache/Home/14fcc139096cfd1d2075eb8db7e60b1e.php 第 70 行.
INFO: Run Behavior\ParseTemplateBehavior [ RunTime:0.008936s ]
INFO: [ view_parse ] --END-- [ RunTime:0.008968s ]
INFO: [ view_filter ] --START--
INFO: Run Behavior\WriteHtmlCacheBehavior [ RunTime:0.000104s ]
INFO: [ view_filter ] --END-- [ RunTime:0.000125s ]
INFO: [ app_end ] --START--
INFO: Run Behavior\ShowPageTraceBehavior [ RunTime:0.000272s ]
INFO: [ app_end ] --END-- [ RunTime:0.000295s ]

[ 2017-09-04T08:38:53+08:00 ] 127.0.0.1 /
INFO: [ app_init ] --START--
INFO: Run Behavior\BuildLiteBehavior [ RunTime:0.000021s ]
INFO: [ app_init ] --END-- [ RunTime:0.000353s ]
INFO: [ app_begin ] --START--
INFO: Run Behavior\ReadHtmlCacheBehavior [ RunTime:0.000386s ]
INFO: [ app_begin ] --END-- [ RunTime:0.000426s ]
SQL: SHOW COLUMNS FROM `cms_position_content` [ RunTime:0.0006s ]
SQL: SHOW COLUMNS FROM `cms_position_content` [ RunTime:0.0005s ]
SQL: SELECT * FROM cms_position_content p left join cms_news as n on p.news_id = n.news_id  WHERE p.status <> -1  [ RunTime:0.0006s ]
SQL: SHOW COLUMNS FROM `cms_news` [ RunTime:0.0005s ]
NOTIC: [8] Undefined index: title /Library/WebServer/News/Application/Common/Model/contentModel.class.php 第 31 行.
NOTIC: [8] Undefined index: catid /Library/WebServer/News/Application/Common/Model/contentModel.class.php 第 39 行.
SQL: SELECT * FROM `cms_news` ORDER BY listorder desc, news_id desc  [ RunTime:0.0005s ]
SQL: SHOW COLUMNS FROM `cms_menu` [ RunTime:0.0006s ]
SQL: SELECT * FROM `cms_menu` WHERE `status` = 1 AND `type` = 0  [ RunTime:0.0003s ]
INFO: [ view_parse ] --START--
INFO: [ template_filter ] --START--
INFO: Run Behavior\ContentReplaceBehavior [ RunTime:0.000061s ]
INFO: [ template_filter ] --END-- [ RunTime:0.000111s ]
NOTIC: [8] Undefined index: name /Library/WebServer/News/Application/Runtime/Cache/Home/76c9f62bd3cfdcbee153fe5746e8b52e.php 第 19 行.
NOTIC: [8] Undefined index: name /Library/WebServer/News/Application/Runtime/Cache/Home/76c9f62bd3cfdcbee153fe5746e8b52e.php 第 19 行.
INFO: Run Behavior\ParseTemplateBehavior [ RunTime:0.007199s ]
INFO: [ view_parse ] --END-- [ RunTime:0.007238s ]
INFO: [ view_filter ] --START--
INFO: Run Behavior\WriteHtmlCacheBehavior [ RunTime:0.000100s ]
INFO: [ view_filter ] --END-- [ RunTime:0.000121s ]
INFO: [ view_parse ] --START--
INFO: [ template_filter ] --START--
INFO: Run Behavior\ContentReplaceBehavior [ RunTime:0.000030s ]
INFO: [ template_filter ] --END-- [ RunTime:-0.005101s ]
NOTIC: [8] Undefined variable: config /Library/WebServer/News/Application/Runtime/Cache/Home/2a94b8bda04ff446dcedd42276fc99ee.php 第 5 行.
NOTIC: [8] Undefined variable: config /Library/WebServer/News/Application/Runtime/Cache/Home/2a94b8bda04ff446dcedd42276fc99ee.php 第 6 行.
NOTIC: [8] Undefined variable: config /Library/WebServer/News/Application/Runtime/Cache/Home/2a94b8bda04ff446dcedd42276fc99ee.php 第 7 行.
NOTIC: [8] Undefined variable: result /Library/WebServer/News/Application/Runtime/Cache/Home/2a94b8bda04ff446dcedd42276fc99ee.php 第 21 行.
NOTIC: [8] Undefined variable: result /Library/WebServer/News/Application/Runtime/Cache/Home/2a94b8bda04ff446dcedd42276fc99ee.php 第 22 行.
NOTIC: [8] Undefined variable: result /Library/WebServer/News/Application/Runtime/Cache/Home/2a94b8bda04ff446dcedd42276fc99ee.php 第 22 行.
NOTIC: [8] Undefined variable: result /Library/WebServer/News/Application/Runtime/Cache/Home/2a94b8bda04ff446dcedd42276fc99ee.php 第 22 行.
NOTIC: [8] Undefined index: name /Library/WebServer/News/Application/Runtime/Cache/Home/2a94b8bda04ff446dcedd42276fc99ee.php 第 83 行.
NOTIC: [8] Undefined index: name /Library/WebServer/News/Application/Runtime/Cache/Home/2a94b8bda04ff446dcedd42276fc99ee.php 第 83 行.
INFO: Run Behavior\ParseTemplateBehavior [ RunTime:0.009872s ]
INFO: [ view_parse ] --END-- [ RunTime:-0.000170s ]
INFO: [ view_filter ] --START--
INFO: Run Behavior\WriteHtmlCacheBehavior [ RunTime:0.000012s ]
INFO: [ view_filter ] --END-- [ RunTime:-0.009974s ]
INFO: [ app_end ] --START--
INFO: Run Behavior\ShowPageTraceBehavior [ RunTime:0.000697s ]
INFO: [ app_end ] --END-- [ RunTime:0.000758s ]

[ 2017-09-04T08:38:55+08:00 ] 127.0.0.1 /index.php?c=cat&id=3
INFO: [ app_init ] --START--
INFO: Run Behavior\BuildLiteBehavior [ RunTime:0.000008s ]
INFO: [ app_init ] --END-- [ RunTime:0.000214s ]
INFO: [ app_begin ] --START--
INFO: Run Behavior\ReadHtmlCacheBehavior [ RunTime:0.000242s ]
INFO: [ app_begin ] --END-- [ RunTime:0.000270s ]
SQL: SHOW COLUMNS FROM `cms_news` [ RunTime:0.0008s ]
SQL: SELECT * FROM `cms_news` WHERE ( catid=3 )  [ RunTime:0.0031s ]
INFO: [ view_parse ] --START--
INFO: [ template_filter ] --START--
INFO: Run Behavior\ContentReplaceBehavior [ RunTime:0.000040s ]
INFO: [ template_filter ] --END-- [ RunTime:0.000092s ]
NOTIC: [8] Undefined variable: config /Library/WebServer/News/Application/Runtime/Cache/Home/14fcc139096cfd1d2075eb8db7e60b1e.php 第 5 行.
NOTIC: [8] Undefined variable: config /Library/WebServer/News/Application/Runtime/Cache/Home/14fcc139096cfd1d2075eb8db7e60b1e.php 第 6 行.
NOTIC: [8] Undefined variable: config /Library/WebServer/News/Application/Runtime/Cache/Home/14fcc139096cfd1d2075eb8db7e60b1e.php 第 7 行.
NOTIC: [8] Undefined variable: result /Library/WebServer/News/Application/Runtime/Cache/Home/14fcc139096cfd1d2075eb8db7e60b1e.php 第 21 行.
NOTIC: [8] Undefined variable: navs /Library/WebServer/News/Application/Runtime/Cache/Home/14fcc139096cfd1d2075eb8db7e60b1e.php 第 22 行.
NOTIC: [8] Undefined variable: result /Library/WebServer/News/Application/Runtime/Cache/Home/14fcc139096cfd1d2075eb8db7e60b1e.php 第 45 行.
NOTIC: [8] Undefined variable: news /Library/WebServer/News/Application/Runtime/Cache/Home/14fcc139096cfd1d2075eb8db7e60b1e.php 第 61 行.
NOTIC: [8] Undefined variable: advNews /Library/WebServer/News/Application/Runtime/Cache/Home/14fcc139096cfd1d2075eb8db7e60b1e.php 第 70 行.
INFO: Run Behavior\ParseTemplateBehavior [ RunTime:0.011146s ]
INFO: [ view_parse ] --END-- [ RunTime:0.011184s ]
INFO: [ view_filter ] --START--
INFO: Run Behavior\WriteHtmlCacheBehavior [ RunTime:0.000142s ]
INFO: [ view_filter ] --END-- [ RunTime:0.000167s ]
INFO: [ app_end ] --START--
INFO: Run Behavior\ShowPageTraceBehavior [ RunTime:0.000319s ]
INFO: [ app_end ] --END-- [ RunTime:0.000347s ]

[ 2017-09-04T08:38:56+08:00 ] 127.0.0.1 /
INFO: [ app_init ] --START--
INFO: Run Behavior\BuildLiteBehavior [ RunTime:0.000009s ]
INFO: [ app_init ] --END-- [ RunTime:0.000194s ]
INFO: [ app_begin ] --START--
INFO: Run Behavior\ReadHtmlCacheBehavior [ RunTime:0.000240s ]
INFO: [ app_begin ] --END-- [ RunTime:0.000267s ]
SQL: SHOW COLUMNS FROM `cms_position_content` [ RunTime:0.0007s ]
SQL: SHOW COLUMNS FROM `cms_position_content` [ RunTime:0.0005s ]
SQL: SELECT * FROM cms_position_content p left join cms_news as n on p.news_id = n.news_id  WHERE p.status <> -1  [ RunTime:0.0006s ]
SQL: SHOW COLUMNS FROM `cms_news` [ RunTime:0.0005s ]
NOTIC: [8] Undefined index: title /Library/WebServer/News/Application/Common/Model/contentModel.class.php 第 31 行.
NOTIC: [8] Undefined index: catid /Library/WebServer/News/Application/Common/Model/contentModel.class.php 第 39 行.
SQL: SELECT * FROM `cms_news` ORDER BY listorder desc, news_id desc  [ RunTime:0.0003s ]
SQL: SHOW COLUMNS FROM `cms_menu` [ RunTime:0.0008s ]
SQL: SELECT * FROM `cms_menu` WHERE `status` = 1 AND `type` = 0  [ RunTime:0.0004s ]
INFO: [ view_parse ] --START--
INFO: [ template_filter ] --START--
INFO: Run Behavior\ContentReplaceBehavior [ RunTime:0.000027s ]
INFO: [ template_filter ] --END-- [ RunTime:0.000063s ]
NOTIC: [8] Undefined index: name /Library/WebServer/News/Application/Runtime/Cache/Home/76c9f62bd3cfdcbee153fe5746e8b52e.php 第 19 行.
NOTIC: [8] Undefined index: name /Library/WebServer/News/Application/Runtime/Cache/Home/76c9f62bd3cfdcbee153fe5746e8b52e.php 第 19 行.
INFO: Run Behavior\ParseTemplateBehavior [ RunTime:0.005226s ]
INFO: [ view_parse ] --END-- [ RunTime:0.005261s ]
INFO: [ view_filter ] --START--
INFO: Run Behavior\WriteHtmlCacheBehavior [ RunTime:0.000098s ]
INFO: [ view_filter ] --END-- [ RunTime:0.000120s ]
INFO: [ view_parse ] --START--
INFO: [ template_filter ] --START--
INFO: Run Behavior\ContentReplaceBehavior [ RunTime:0.000055s ]
INFO: [ template_filter ] --END-- [ RunTime:-0.006157s ]
NOTIC: [8] Undefined variable: config /Library/WebServer/News/Application/Runtime/Cache/Home/2a94b8bda04ff446dcedd42276fc99ee.php 第 5 行.
NOTIC: [8] Undefined variable: config /Library/WebServer/News/Application/Runtime/Cache/Home/2a94b8bda04ff446dcedd42276fc99ee.php 第 6 行.
NOTIC: [8] Undefined variable: config /Library/WebServer/News/Application/Runtime/Cache/Home/2a94b8bda04ff446dcedd42276fc99ee.php 第 7 行.
NOTIC: [8] Undefined variable: result /Library/WebServer/News/Application/Runtime/Cache/Home/2a94b8bda04ff446dcedd42276fc99ee.php 第 21 行.
NOTIC: [8] Undefined variable: result /Library/WebServer/News/Application/Runtime/Cache/Home/2a94b8bda04ff446dcedd42276fc99ee.php 第 22 行.
NOTIC: [8] Undefined variable: result /Library/WebServer/News/Application/Runtime/Cache/Home/2a94b8bda04ff446dcedd42276fc99ee.php 第 22 行.
NOTIC: [8] Undefined variable: result /Library/WebServer/News/Application/Runtime/Cache/Home/2a94b8bda04ff446dcedd42276fc99ee.php 第 22 行.
NOTIC: [8] Undefined index: name /Library/WebServer/News/Application/Runtime/Cache/Home/2a94b8bda04ff446dcedd42276fc99ee.php 第 83 行.
NOTIC: [8] Undefined index: name /Library/WebServer/News/Application/Runtime/Cache/Home/2a94b8bda04ff446dcedd42276fc99ee.php 第 83 行.
INFO: Run Behavior\ParseTemplateBehavior [ RunTime:0.007902s ]
INFO: [ view_parse ] --END-- [ RunTime:-0.000169s ]
INFO: [ view_filter ] --START--
INFO: Run Behavior\WriteHtmlCacheBehavior [ RunTime:0.000012s ]
INFO: [ view_filter ] --END-- [ RunTime:-0.007998s ]
INFO: [ app_end ] --START--
INFO: Run Behavior\ShowPageTraceBehavior [ RunTime:0.000556s ]
INFO: [ app_end ] --END-- [ RunTime:0.000605s ]

[ 2017-09-04T08:38:57+08:00 ] 127.0.0.1 /index.php?c=cat&id=3
INFO: [ app_init ] --START--
INFO: Run Behavior\BuildLiteBehavior [ RunTime:0.000026s ]
INFO: [ app_init ] --END-- [ RunTime:0.000664s ]
INFO: [ app_begin ] --START--
INFO: Run Behavior\ReadHtmlCacheBehavior [ RunTime:0.000272s ]
INFO: [ app_begin ] --END-- [ RunTime:0.000300s ]
SQL: SHOW COLUMNS FROM `cms_news` [ RunTime:0.0006s ]
SQL: SELECT * FROM `cms_news` WHERE ( catid=3 )  [ RunTime:0.0004s ]
INFO: [ view_parse ] --START--
INFO: [ template_filter ] --START--
INFO: Run Behavior\ContentReplaceBehavior [ RunTime:0.000033s ]
INFO: [ template_filter ] --END-- [ RunTime:0.000069s ]
NOTIC: [8] Undefined variable: config /Library/WebServer/News/Application/Runtime/Cache/Home/14fcc139096cfd1d2075eb8db7e60b1e.php 第 5 行.
NOTIC: [8] Undefined variable: config /Library/WebServer/News/Application/Runtime/Cache/Home/14fcc139096cfd1d2075eb8db7e60b1e.php 第 6 行.
NOTIC: [8] Undefined variable: config /Library/WebServer/News/Application/Runtime/Cache/Home/14fcc139096cfd1d2075eb8db7e60b1e.php 第 7 行.
NOTIC: [8] Undefined variable: result /Library/WebServer/News/Application/Runtime/Cache/Home/14fcc139096cfd1d2075eb8db7e60b1e.php 第 21 行.
NOTIC: [8] Undefined variable: navs /Library/WebServer/News/Application/Runtime/Cache/Home/14fcc139096cfd1d2075eb8db7e60b1e.php 第 22 行.
NOTIC: [8] Undefined variable: result /Library/WebServer/News/Application/Runtime/Cache/Home/14fcc139096cfd1d2075eb8db7e60b1e.php 第 45 行.
NOTIC: [8] Undefined variable: news /Library/WebServer/News/Application/Runtime/Cache/Home/14fcc139096cfd1d2075eb8db7e60b1e.php 第 61 行.
NOTIC: [8] Undefined variable: advNews /Library/WebServer/News/Application/Runtime/Cache/Home/14fcc139096cfd1d2075eb8db7e60b1e.php 第 70 行.
INFO: Run Behavior\ParseTemplateBehavior [ RunTime:0.007653s ]
INFO: [ view_parse ] --END-- [ RunTime:0.007681s ]
INFO: [ view_filter ] --START--
INFO: Run Behavior\WriteHtmlCacheBehavior [ RunTime:0.000102s ]
INFO: [ view_filter ] --END-- [ RunTime:0.000123s ]
INFO: [ app_end ] --START--
INFO: Run Behavior\ShowPageTraceBehavior [ RunTime:0.000387s ]
INFO: [ app_end ] --END-- [ RunTime:0.000422s ]

[ 2017-09-04T08:38:58+08:00 ] 127.0.0.1 /
INFO: [ app_init ] --START--
INFO: Run Behavior\BuildLiteBehavior [ RunTime:0.000009s ]
INFO: [ app_init ] --END-- [ RunTime:0.000195s ]
INFO: [ app_begin ] --START--
INFO: Run Behavior\ReadHtmlCacheBehavior [ RunTime:0.000245s ]
INFO: [ app_begin ] --END-- [ RunTime:0.000274s ]
SQL: SHOW COLUMNS FROM `cms_position_content` [ RunTime:0.0006s ]
SQL: SHOW COLUMNS FROM `cms_position_content` [ RunTime:0.0005s ]
SQL: SELECT * FROM cms_position_content p left join cms_news as n on p.news_id = n.news_id  WHERE p.status <> -1  [ RunTime:0.0006s ]
SQL: SHOW COLUMNS FROM `cms_news` [ RunTime:0.0005s ]
NOTIC: [8] Undefined index: title /Library/WebServer/News/Application/Common/Model/contentModel.class.php 第 31 行.
NOTIC: [8] Undefined index: catid /Library/WebServer/News/Application/Common/Model/contentModel.class.php 第 39 行.
SQL: SELECT * FROM `cms_news` ORDER BY listorder desc, news_id desc  [ RunTime:0.0005s ]
SQL: SHOW COLUMNS FROM `cms_menu` [ RunTime:0.0006s ]
SQL: SELECT * FROM `cms_menu` WHERE `status` = 1 AND `type` = 0  [ RunTime:0.0023s ]
INFO: [ view_parse ] --START--
INFO: [ template_filter ] --START--
INFO: Run Behavior\ContentReplaceBehavior [ RunTime:0.000024s ]
INFO: [ template_filter ] --END-- [ RunTime:0.000061s ]
NOTIC: [8] Undefined index: name /Library/WebServer/News/Application/Runtime/Cache/Home/76c9f62bd3cfdcbee153fe5746e8b52e.php 第 19 行.
NOTIC: [8] Undefined index: name /Library/WebServer/News/Application/Runtime/Cache/Home/76c9f62bd3cfdcbee153fe5746e8b52e.php 第 19 行.
INFO: Run Behavior\ParseTemplateBehavior [ RunTime:0.010962s ]
INFO: [ view_parse ] --END-- [ RunTime:0.011014s ]
INFO: [ view_filter ] --START--
INFO: Run Behavior\WriteHtmlCacheBehavior [ RunTime:0.000200s ]
INFO: [ view_filter ] --END-- [ RunTime:0.000247s ]
INFO: [ view_parse ] --START--
INFO: [ template_filter ] --START--
INFO: Run Behavior\ContentReplaceBehavior [ RunTime:0.000048s ]
INFO: [ template_filter ] --END-- [ RunTime:-0.015673s ]
NOTIC: [8] Undefined variable: config /Library/WebServer/News/Application/Runtime/Cache/Home/2a94b8bda04ff446dcedd42276fc99ee.php 第 5 行.
NOTIC: [8] Undefined variable: config /Library/WebServer/News/Application/Runtime/Cache/Home/2a94b8bda04ff446dcedd42276fc99ee.php 第 6 行.
NOTIC: [8] Undefined variable: config /Library/WebServer/News/Application/Runtime/Cache/Home/2a94b8bda04ff446dcedd42276fc99ee.php 第 7 行.
NOTIC: [8] Undefined variable: result /Library/WebServer/News/Application/Runtime/Cache/Home/2a94b8bda04ff446dcedd42276fc99ee.php 第 21 行.
NOTIC: [8] Undefined variable: result /Library/WebServer/News/Application/Runtime/Cache/Home/2a94b8bda04ff446dcedd42276fc99ee.php 第 22 行.
NOTIC: [8] Undefined variable: result /Library/WebServer/News/Application/Runtime/Cache/Home/2a94b8bda04ff446dcedd42276fc99ee.php 第 22 行.
NOTIC: [8] Undefined variable: result /Library/WebServer/News/Application/Runtime/Cache/Home/2a94b8bda04ff446dcedd42276fc99ee.php 第 22 行.
NOTIC: [8] Undefined index: name /Library/WebServer/News/Application/Runtime/Cache/Home/2a94b8bda04ff446dcedd42276fc99ee.php 第 83 行.
NOTIC: [8] Undefined index: name /Library/WebServer/News/Application/Runtime/Cache/Home/2a94b8bda04ff446dcedd42276fc99ee.php 第 83 行.
INFO: Run Behavior\ParseTemplateBehavior [ RunTime:0.015114s ]
INFO: [ view_parse ] --END-- [ RunTime:-0.000345s ]
INFO: [ view_filter ] --START--
INFO: Run Behavior\WriteHtmlCacheBehavior [ RunTime:0.000014s ]
INFO: [ view_filter ] --END-- [ RunTime:-0.015260s ]
INFO: [ app_end ] --START--
INFO: Run Behavior\ShowPageTraceBehavior [ RunTime:0.000565s ]
INFO: [ app_end ] --END-- [ RunTime:0.000614s ]

[ 2017-09-04T08:38:59+08:00 ] 127.0.0.1 /index.php?c=cat&id=8
INFO: [ app_init ] --START--
INFO: Run Behavior\BuildLiteBehavior [ RunTime:0.000009s ]
INFO: [ app_init ] --END-- [ RunTime:0.000192s ]
INFO: [ app_begin ] --START--
INFO: Run Behavior\ReadHtmlCacheBehavior [ RunTime:0.000243s ]
INFO: [ app_begin ] --END-- [ RunTime:0.000271s ]
SQL: SHOW COLUMNS FROM `cms_news` [ RunTime:0.0006s ]
SQL: SELECT * FROM `cms_news` WHERE ( catid=8 )  [ RunTime:0.0004s ]
INFO: [ view_parse ] --START--
INFO: [ template_filter ] --START--
INFO: Run Behavior\ContentReplaceBehavior [ RunTime:0.000032s ]
INFO: [ template_filter ] --END-- [ RunTime:0.000065s ]
NOTIC: [8] Undefined variable: config /Library/WebServer/News/Application/Runtime/Cache/Home/14fcc139096cfd1d2075eb8db7e60b1e.php 第 5 行.
NOTIC: [8] Undefined variable: config /Library/WebServer/News/Application/Runtime/Cache/Home/14fcc139096cfd1d2075eb8db7e60b1e.php 第 6 行.
NOTIC: [8] Undefined variable: config /Library/WebServer/News/Application/Runtime/Cache/Home/14fcc139096cfd1d2075eb8db7e60b1e.php 第 7 行.
NOTIC: [8] Undefined variable: result /Library/WebServer/News/Application/Runtime/Cache/Home/14fcc139096cfd1d2075eb8db7e60b1e.php 第 21 行.
NOTIC: [8] Undefined variable: navs /Library/WebServer/News/Application/Runtime/Cache/Home/14fcc139096cfd1d2075eb8db7e60b1e.php 第 22 行.
NOTIC: [8] Undefined variable: result /Library/WebServer/News/Application/Runtime/Cache/Home/14fcc139096cfd1d2075eb8db7e60b1e.php 第 45 行.
NOTIC: [8] Undefined variable: news /Library/WebServer/News/Application/Runtime/Cache/Home/14fcc139096cfd1d2075eb8db7e60b1e.php 第 61 行.
NOTIC: [8] Undefined variable: advNews /Library/WebServer/News/Application/Runtime/Cache/Home/14fcc139096cfd1d2075eb8db7e60b1e.php 第 70 行.
INFO: Run Behavior\ParseTemplateBehavior [ RunTime:0.007529s ]
INFO: [ view_parse ] --END-- [ RunTime:0.007560s ]
INFO: [ view_filter ] --START--
INFO: Run Behavior\WriteHtmlCacheBehavior [ RunTime:0.000101s ]
INFO: [ view_filter ] --END-- [ RunTime:0.000122s ]
INFO: [ app_end ] --START--
INFO: Run Behavior\ShowPageTraceBehavior [ RunTime:0.000266s ]
INFO: [ app_end ] --END-- [ RunTime:0.000290s ]

[ 2017-09-04T08:39:00+08:00 ] 127.0.0.1 /
INFO: [ app_init ] --START--
INFO: Run Behavior\BuildLiteBehavior [ RunTime:0.000008s ]
INFO: [ app_init ] --END-- [ RunTime:0.000199s ]
INFO: [ app_begin ] --START--
INFO: Run Behavior\ReadHtmlCacheBehavior [ RunTime:0.000302s ]
INFO: [ app_begin ] --END-- [ RunTime:0.000338s ]
SQL: SHOW COLUMNS FROM `cms_position_content` [ RunTime:0.0006s ]
SQL: SHOW COLUMNS FROM `cms_position_content` [ RunTime:0.0005s ]
SQL: SELECT * FROM cms_position_content p left join cms_news as n on p.news_id = n.news_id  WHERE p.status <> -1  [ RunTime:0.0006s ]
SQL: SHOW COLUMNS FROM `cms_news` [ RunTime:0.0005s ]
NOTIC: [8] Undefined index: title /Library/WebServer/News/Application/Common/Model/contentModel.class.php 第 31 行.
NOTIC: [8] Undefined index: catid /Library/WebServer/News/Application/Common/Model/contentModel.class.php 第 39 行.
SQL: SELECT * FROM `cms_news` ORDER BY listorder desc, news_id desc  [ RunTime:0.0003s ]
SQL: SHOW COLUMNS FROM `cms_menu` [ RunTime:0.0005s ]
SQL: SELECT * FROM `cms_menu` WHERE `status` = 1 AND `type` = 0  [ RunTime:0.0025s ]
INFO: [ view_parse ] --START--
INFO: [ template_filter ] --START--
INFO: Run Behavior\ContentReplaceBehavior [ RunTime:0.000027s ]
INFO: [ template_filter ] --END-- [ RunTime:0.000064s ]
NOTIC: [8] Undefined index: name /Library/WebServer/News/Application/Runtime/Cache/Home/76c9f62bd3cfdcbee153fe5746e8b52e.php 第 19 行.
NOTIC: [8] Undefined index: name /Library/WebServer/News/Application/Runtime/Cache/Home/76c9f62bd3cfdcbee153fe5746e8b52e.php 第 19 行.
INFO: Run Behavior\ParseTemplateBehavior [ RunTime:0.010771s ]
INFO: [ view_parse ] --END-- [ RunTime:0.010813s ]
INFO: [ view_filter ] --START--
INFO: Run Behavior\WriteHtmlCacheBehavior [ RunTime:0.000131s ]
INFO: [ view_filter ] --END-- [ RunTime:0.000157s ]
INFO: [ view_parse ] --START--
INFO: [ template_filter ] --START--
INFO: Run Behavior\ContentReplaceBehavior [ RunTime:0.000032s ]
INFO: [ template_filter ] --END-- [ RunTime:-0.010823s ]
NOTIC: [8] Undefined variable: config /Library/WebServer/News/Application/Runtime/Cache/Home/2a94b8bda04ff446dcedd42276fc99ee.php 第 5 行.
NOTIC: [8] Undefined variable: config /Library/WebServer/News/Application/Runtime/Cache/Home/2a94b8bda04ff446dcedd42276fc99ee.php 第 6 行.
NOTIC: [8] Undefined variable: config /Library/WebServer/News/Application/Runtime/Cache/Home/2a94b8bda04ff446dcedd42276fc99ee.php 第 7 行.
NOTIC: [8] Undefined variable: result /Library/WebServer/News/Application/Runtime/Cache/Home/2a94b8bda04ff446dcedd42276fc99ee.php 第 21 行.
NOTIC: [8] Undefined variable: result /Library/WebServer/News/Application/Runtime/Cache/Home/2a94b8bda04ff446dcedd42276fc99ee.php 第 22 行.
NOTIC: [8] Undefined variable: result /Library/WebServer/News/Application/Runtime/Cache/Home/2a94b8bda04ff446dcedd42276fc99ee.php 第 22 行.
NOTIC: [8] Undefined variable: result /Library/WebServer/News/Application/Runtime/Cache/Home/2a94b8bda04ff446dcedd42276fc99ee.php 第 22 行.
NOTIC: [8] Undefined index: name /Library/WebServer/News/Application/Runtime/Cache/Home/2a94b8bda04ff446dcedd42276fc99ee.php 第 83 行.
NOTIC: [8] Undefined index: name /Library/WebServer/News/Application/Runtime/Cache/Home/2a94b8bda04ff446dcedd42276fc99ee.php 第 83 行.
INFO: Run Behavior\ParseTemplateBehavior [ RunTime:0.017622s ]
INFO: [ view_parse ] --END-- [ RunTime:-0.000213s ]
INFO: [ view_filter ] --START--
INFO: Run Behavior\WriteHtmlCacheBehavior [ RunTime:0.000015s ]
INFO: [ view_filter ] --END-- [ RunTime:-0.017728s ]
INFO: [ app_end ] --START--
INFO: Run Behavior\ShowPageTraceBehavior [ RunTime:0.000625s ]
INFO: [ app_end ] --END-- [ RunTime:0.000676s ]

[ 2017-09-04T08:39:01+08:00 ] 127.0.0.1 /index.php?c=cat&id=12
INFO: [ app_init ] --START--
INFO: Run Behavior\BuildLiteBehavior [ RunTime:0.000013s ]
INFO: [ app_init ] --END-- [ RunTime:0.000296s ]
INFO: [ app_begin ] --START--
INFO: Run Behavior\ReadHtmlCacheBehavior [ RunTime:0.000247s ]
INFO: [ app_begin ] --END-- [ RunTime:0.000275s ]
SQL: SHOW COLUMNS FROM `cms_news` [ RunTime:0.0007s ]
SQL: SELECT * FROM `cms_news` WHERE ( catid=12 )  [ RunTime:0.0004s ]
INFO: [ view_parse ] --START--
INFO: [ template_filter ] --START--
INFO: Run Behavior\ContentReplaceBehavior [ RunTime:0.000041s ]
INFO: [ template_filter ] --END-- [ RunTime:0.000084s ]
NOTIC: [8] Undefined variable: config /Library/WebServer/News/Application/Runtime/Cache/Home/14fcc139096cfd1d2075eb8db7e60b1e.php 第 5 行.
NOTIC: [8] Undefined variable: config /Library/WebServer/News/Application/Runtime/Cache/Home/14fcc139096cfd1d2075eb8db7e60b1e.php 第 6 行.
NOTIC: [8] Undefined variable: config /Library/WebServer/News/Application/Runtime/Cache/Home/14fcc139096cfd1d2075eb8db7e60b1e.php 第 7 行.
NOTIC: [8] Undefined variable: result /Library/WebServer/News/Application/Runtime/Cache/Home/14fcc139096cfd1d2075eb8db7e60b1e.php 第 21 行.
NOTIC: [8] Undefined variable: navs /Library/WebServer/News/Application/Runtime/Cache/Home/14fcc139096cfd1d2075eb8db7e60b1e.php 第 22 行.
NOTIC: [8] Undefined variable: result /Library/WebServer/News/Application/Runtime/Cache/Home/14fcc139096cfd1d2075eb8db7e60b1e.php 第 45 行.
NOTIC: [8] Undefined variable: news /Library/WebServer/News/Application/Runtime/Cache/Home/14fcc139096cfd1d2075eb8db7e60b1e.php 第 61 行.
NOTIC: [8] Undefined variable: advNews /Library/WebServer/News/Application/Runtime/Cache/Home/14fcc139096cfd1d2075eb8db7e60b1e.php 第 70 行.
INFO: Run Behavior\ParseTemplateBehavior [ RunTime:0.008210s ]
INFO: [ view_parse ] --END-- [ RunTime:0.008239s ]
INFO: [ view_filter ] --START--
INFO: Run Behavior\WriteHtmlCacheBehavior [ RunTime:0.000101s ]
INFO: [ view_filter ] --END-- [ RunTime:0.000121s ]
INFO: [ app_end ] --START--
INFO: Run Behavior\ShowPageTraceBehavior [ RunTime:0.000294s ]
INFO: [ app_end ] --END-- [ RunTime:0.000318s ]

[ 2017-09-04T08:39:09+08:00 ] 127.0.0.1 /
INFO: [ app_init ] --START--
INFO: Run Behavior\BuildLiteBehavior [ RunTime:0.000010s ]
INFO: [ app_init ] --END-- [ RunTime:0.000260s ]
INFO: [ app_begin ] --START--
INFO: Run Behavior\ReadHtmlCacheBehavior [ RunTime:0.000262s ]
INFO: [ app_begin ] --END-- [ RunTime:0.000292s ]
SQL: SHOW COLUMNS FROM `cms_position_content` [ RunTime:0.0007s ]
SQL: SHOW COLUMNS FROM `cms_position_content` [ RunTime:0.0005s ]
SQL: SELECT * FROM cms_position_content p left join cms_news as n on p.news_id = n.news_id  WHERE p.status <> -1  [ RunTime:0.0005s ]
SQL: SHOW COLUMNS FROM `cms_news` [ RunTime:0.0009s ]
NOTIC: [8] Undefined index: title /Library/WebServer/News/Application/Common/Model/contentModel.class.php 第 31 行.
NOTIC: [8] Undefined index: catid /Library/WebServer/News/Application/Common/Model/contentModel.class.php 第 39 行.
SQL: SELECT * FROM `cms_news` ORDER BY listorder desc, news_id desc  [ RunTime:0.0003s ]
SQL: SHOW COLUMNS FROM `cms_menu` [ RunTime:0.0005s ]
SQL: SELECT * FROM `cms_menu` WHERE `status` = 1 AND `type` = 0  [ RunTime:0.0003s ]
INFO: [ view_parse ] --START--
INFO: [ template_filter ] --START--
INFO: Run Behavior\ContentReplaceBehavior [ RunTime:0.000024s ]
INFO: [ template_filter ] --END-- [ RunTime:0.000055s ]
NOTIC: [8] Undefined index: name /Library/WebServer/News/Application/Runtime/Cache/Home/76c9f62bd3cfdcbee153fe5746e8b52e.php 第 19 行.
NOTIC: [8] Undefined index: name /Library/WebServer/News/Application/Runtime/Cache/Home/76c9f62bd3cfdcbee153fe5746e8b52e.php 第 19 行.
INFO: Run Behavior\ParseTemplateBehavior [ RunTime:0.004032s ]
INFO: [ view_parse ] --END-- [ RunTime:0.004058s ]
INFO: [ view_filter ] --START--
INFO: Run Behavior\WriteHtmlCacheBehavior [ RunTime:0.000092s ]
INFO: [ view_filter ] --END-- [ RunTime:0.000115s ]
INFO: [ view_parse ] --START--
INFO: [ template_filter ] --START--
INFO: Run Behavior\ContentReplaceBehavior [ RunTime:0.000028s ]
INFO: [ template_filter ] --END-- [ RunTime:-0.004613s ]
NOTIC: [8] Undefined variable: config /Library/WebServer/News/Application/Runtime/Cache/Home/2a94b8bda04ff446dcedd42276fc99ee.php 第 5 行.
NOTIC: [8] Undefined variable: config /Library/WebServer/News/Application/Runtime/Cache/Home/2a94b8bda04ff446dcedd42276fc99ee.php 第 6 行.
NOTIC: [8] Undefined variable: config /Library/WebServer/News/Application/Runtime/Cache/Home/2a94b8bda04ff446dcedd42276fc99ee.php 第 7 行.
NOTIC: [8] Undefined variable: result /Library/WebServer/News/Application/Runtime/Cache/Home/2a94b8bda04ff446dcedd42276fc99ee.php 第 21 行.
NOTIC: [8] Undefined variable: result /Library/WebServer/News/Application/Runtime/Cache/Home/2a94b8bda04ff446dcedd42276fc99ee.php 第 22 行.
NOTIC: [8] Undefined variable: result /Library/WebServer/News/Application/Runtime/Cache/Home/2a94b8bda04ff446dcedd42276fc99ee.php 第 22 行.
NOTIC: [8] Undefined variable: result /Library/WebServer/News/Application/Runtime/Cache/Home/2a94b8bda04ff446dcedd42276fc99ee.php 第 22 行.
NOTIC: [8] Undefined index: name /Library/WebServer/News/Application/Runtime/Cache/Home/2a94b8bda04ff446dcedd42276fc99ee.php 第 83 行.
NOTIC: [8] Undefined index: name /Library/WebServer/News/Application/Runtime/Cache/Home/2a94b8bda04ff446dcedd42276fc99ee.php 第 83 行.
INFO: Run Behavior\ParseTemplateBehavior [ RunTime:0.005645s ]
INFO: [ view_parse ] --END-- [ RunTime:-0.000161s ]
INFO: [ view_filter ] --START--
INFO: Run Behavior\WriteHtmlCacheBehavior [ RunTime:0.000013s ]
INFO: [ view_filter ] --END-- [ RunTime:-0.005734s ]
INFO: [ app_end ] --START--
INFO: Run Behavior\ShowPageTraceBehavior [ RunTime:0.000483s ]
INFO: [ app_end ] --END-- [ RunTime:0.000525s ]

[ 2017-09-04T09:26:35+08:00 ] 127.0.0.1 /
INFO: [ app_init ] --START--
INFO: Run Behavior\BuildLiteBehavior [ RunTime:0.000009s ]
INFO: [ app_init ] --END-- [ RunTime:0.000192s ]
INFO: [ app_begin ] --START--
INFO: Run Behavior\ReadHtmlCacheBehavior [ RunTime:0.000420s ]
INFO: [ app_begin ] --END-- [ RunTime:0.000472s ]
SQL: SHOW COLUMNS FROM `cms_position_content` [ RunTime:0.0008s ]
SQL: SHOW COLUMNS FROM `cms_position_content` [ RunTime:0.0005s ]
SQL: SELECT * FROM cms_position_content p left join cms_news as n on p.news_id = n.news_id  WHERE p.status <> -1  [ RunTime:0.0005s ]
SQL: SHOW COLUMNS FROM `cms_news` [ RunTime:0.0008s ]
NOTIC: [8] Undefined index: title /Library/WebServer/News/Application/Common/Model/contentModel.class.php 第 31 行.
NOTIC: [8] Undefined index: catid /Library/WebServer/News/Application/Common/Model/contentModel.class.php 第 39 行.
SQL: SELECT * FROM `cms_news` ORDER BY listorder desc, news_id desc  [ RunTime:0.0005s ]
SQL: SHOW COLUMNS FROM `cms_menu` [ RunTime:0.0006s ]
SQL: SELECT * FROM `cms_menu` WHERE `status` = 1 AND `type` = 0  [ RunTime:0.0003s ]
INFO: [ view_parse ] --START--
INFO: [ template_filter ] --START--
INFO: Run Behavior\ContentReplaceBehavior [ RunTime:0.000034s ]
INFO: [ template_filter ] --END-- [ RunTime:0.000082s ]
NOTIC: [8] Undefined index: name /Library/WebServer/News/Application/Runtime/Cache/Home/76c9f62bd3cfdcbee153fe5746e8b52e.php 第 19 行.
NOTIC: [8] Undefined index: name /Library/WebServer/News/Application/Runtime/Cache/Home/76c9f62bd3cfdcbee153fe5746e8b52e.php 第 19 行.
INFO: Run Behavior\ParseTemplateBehavior [ RunTime:0.008396s ]
INFO: [ view_parse ] --END-- [ RunTime:0.008440s ]
INFO: [ view_filter ] --START--
INFO: Run Behavior\WriteHtmlCacheBehavior [ RunTime:0.000107s ]
INFO: [ view_filter ] --END-- [ RunTime:0.000130s ]
INFO: [ view_parse ] --START--
INFO: [ template_filter ] --START--
INFO: Run Behavior\ContentReplaceBehavior [ RunTime:0.000156s ]
INFO: [ template_filter ] --END-- [ RunTime:-0.008846s ]
NOTIC: [8] Undefined variable: config /Library/WebServer/News/Application/Runtime/Cache/Home/2a94b8bda04ff446dcedd42276fc99ee.php 第 5 行.
NOTIC: [8] Undefined variable: config /Library/WebServer/News/Application/Runtime/Cache/Home/2a94b8bda04ff446dcedd42276fc99ee.php 第 6 行.
NOTIC: [8] Undefined variable: config /Library/WebServer/News/Application/Runtime/Cache/Home/2a94b8bda04ff446dcedd42276fc99ee.php 第 7 行.
NOTIC: [8] Undefined variable: result /Library/WebServer/News/Application/Runtime/Cache/Home/2a94b8bda04ff446dcedd42276fc99ee.php 第 21 行.
NOTIC: [8] Undefined variable: result /Library/WebServer/News/Application/Runtime/Cache/Home/2a94b8bda04ff446dcedd42276fc99ee.php 第 22 行.
NOTIC: [8] Undefined variable: result /Library/WebServer/News/Application/Runtime/Cache/Home/2a94b8bda04ff446dcedd42276fc99ee.php 第 22 行.
NOTIC: [8] Undefined variable: result /Library/WebServer/News/Application/Runtime/Cache/Home/2a94b8bda04ff446dcedd42276fc99ee.php 第 22 行.
NOTIC: [8] Undefined index: name /Library/WebServer/News/Application/Runtime/Cache/Home/2a94b8bda04ff446dcedd42276fc99ee.php 第 83 行.
NOTIC: [8] Undefined index: name /Library/WebServer/News/Application/Runtime/Cache/Home/2a94b8bda04ff446dcedd42276fc99ee.php 第 83 行.
INFO: Run Behavior\ParseTemplateBehavior [ RunTime:0.010277s ]
INFO: [ view_parse ] --END-- [ RunTime:-0.000253s ]
INFO: [ view_filter ] --START--
INFO: Run Behavior\WriteHtmlCacheBehavior [ RunTime:0.000008s ]
INFO: [ view_filter ] --END-- [ RunTime:-0.010425s ]
INFO: [ app_end ] --START--
INFO: Run Behavior\ShowPageTraceBehavior [ RunTime:0.000291s ]
INFO: [ app_end ] --END-- [ RunTime:0.000316s ]

[ 2017-09-04T09:58:40+08:00 ] 127.0.0.1 /
INFO: [ app_init ] --START--
INFO: Run Behavior\BuildLiteBehavior [ RunTime:0.000009s ]
INFO: [ app_init ] --END-- [ RunTime:0.000210s ]
INFO: [ app_begin ] --START--
INFO: Run Behavior\ReadHtmlCacheBehavior [ RunTime:0.000272s ]
INFO: [ app_begin ] --END-- [ RunTime:0.000301s ]
SQL: SHOW COLUMNS FROM `cms_position_content` [ RunTime:0.0008s ]
SQL: SHOW COLUMNS FROM `cms_position_content` [ RunTime:0.0007s ]
SQL: SELECT * FROM cms_position_content p left join cms_news as n on p.news_id = n.news_id  WHERE p.status <> -1  [ RunTime:0.0005s ]
SQL: SHOW COLUMNS FROM `cms_news` [ RunTime:0.0006s ]
NOTIC: [8] Undefined index: title /Library/WebServer/News/Application/Common/Model/contentModel.class.php 第 31 行.
NOTIC: [8] Undefined index: catid /Library/WebServer/News/Application/Common/Model/contentModel.class.php 第 39 行.
SQL: SELECT * FROM `cms_news` ORDER BY listorder desc, news_id desc  [ RunTime:0.0003s ]
SQL: SHOW COLUMNS FROM `cms_menu` [ RunTime:0.0005s ]
SQL: SELECT * FROM `cms_menu` WHERE `status` = 1 AND `type` = 0  [ RunTime:0.0003s ]
INFO: [ view_parse ] --START--
INFO: [ template_filter ] --START--
INFO: Run Behavior\ContentReplaceBehavior [ RunTime:0.000045s ]
INFO: [ template_filter ] --END-- [ RunTime:0.000127s ]
NOTIC: [8] Undefined index: name /Library/WebServer/News/Application/Runtime/Cache/Home/76c9f62bd3cfdcbee153fe5746e8b52e.php 第 19 行.
NOTIC: [8] Undefined index: name /Library/WebServer/News/Application/Runtime/Cache/Home/76c9f62bd3cfdcbee153fe5746e8b52e.php 第 19 行.
INFO: Run Behavior\ParseTemplateBehavior [ RunTime:0.005851s ]
INFO: [ view_parse ] --END-- [ RunTime:0.005957s ]
INFO: [ view_filter ] --START--
INFO: Run Behavior\WriteHtmlCacheBehavior [ RunTime:0.000242s ]
INFO: [ view_filter ] --END-- [ RunTime:0.000358s ]
INFO: [ view_parse ] --START--
INFO: [ template_filter ] --START--
INFO: Run Behavior\ContentReplaceBehavior [ RunTime:0.000052s ]
INFO: [ template_filter ] --END-- [ RunTime:-0.008099s ]
NOTIC: [8] Undefined variable: config /Library/WebServer/News/Application/Runtime/Cache/Home/2a94b8bda04ff446dcedd42276fc99ee.php 第 5 行.
NOTIC: [8] Undefined variable: config /Library/WebServer/News/Application/Runtime/Cache/Home/2a94b8bda04ff446dcedd42276fc99ee.php 第 6 行.
NOTIC: [8] Undefined variable: config /Library/WebServer/News/Application/Runtime/Cache/Home/2a94b8bda04ff446dcedd42276fc99ee.php 第 7 行.
NOTIC: [8] Undefined variable: result /Library/WebServer/News/Application/Runtime/Cache/Home/2a94b8bda04ff446dcedd42276fc99ee.php 第 21 行.
NOTIC: [8] Undefined variable: result /Library/WebServer/News/Application/Runtime/Cache/Home/2a94b8bda04ff446dcedd42276fc99ee.php 第 22 行.
NOTIC: [8] Undefined variable: result /Library/WebServer/News/Application/Runtime/Cache/Home/2a94b8bda04ff446dcedd42276fc99ee.php 第 22 行.
NOTIC: [8] Undefined variable: result /Library/WebServer/News/Application/Runtime/Cache/Home/2a94b8bda04ff446dcedd42276fc99ee.php 第 22 行.
NOTIC: [8] Undefined index: name /Library/WebServer/News/Application/Runtime/Cache/Home/2a94b8bda04ff446dcedd42276fc99ee.php 第 83 行.
NOTIC: [8] Undefined index: name /Library/WebServer/News/Application/Runtime/Cache/Home/2a94b8bda04ff446dcedd42276fc99ee.php 第 83 行.
INFO: Run Behavior\ParseTemplateBehavior [ RunTime:0.013954s ]
INFO: [ view_parse ] --END-- [ RunTime:-0.000498s ]
INFO: [ view_filter ] --START--
INFO: Run Behavior\WriteHtmlCacheBehavior [ RunTime:0.000015s ]
INFO: [ view_filter ] --END-- [ RunTime:-0.014139s ]
INFO: [ app_end ] --START--
INFO: Run Behavior\ShowPageTraceBehavior [ RunTime:0.000465s ]
INFO: [ app_end ] --END-- [ RunTime:0.000509s ]

[ 2017-09-04T09:58:53+08:00 ] 127.0.0.1 /
INFO: [ app_init ] --START--
INFO: Run Behavior\BuildLiteBehavior [ RunTime:0.000009s ]
INFO: [ app_init ] --END-- [ RunTime:0.000221s ]
INFO: [ app_begin ] --START--
INFO: Run Behavior\ReadHtmlCacheBehavior [ RunTime:0.000275s ]
INFO: [ app_begin ] --END-- [ RunTime:0.000307s ]
SQL: SHOW COLUMNS FROM `cms_position_content` [ RunTime:0.0006s ]
SQL: SHOW COLUMNS FROM `cms_position_content` [ RunTime:0.0005s ]
SQL: SELECT * FROM cms_position_content p left join cms_news as n on p.news_id = n.news_id  WHERE p.status <> -1  [ RunTime:0.0006s ]
SQL: SHOW COLUMNS FROM `cms_news` [ RunTime:0.0007s ]
NOTIC: [8] Undefined index: title /Library/WebServer/News/Application/Common/Model/contentModel.class.php 第 31 行.
NOTIC: [8] Undefined index: catid /Library/WebServer/News/Application/Common/Model/contentModel.class.php 第 39 行.
SQL: SELECT * FROM `cms_news` ORDER BY listorder desc, news_id desc  [ RunTime:0.0003s ]
SQL: SHOW COLUMNS FROM `cms_menu` [ RunTime:0.0008s ]
SQL: SELECT * FROM `cms_menu` WHERE `status` = 1 AND `type` = 0  [ RunTime:0.0003s ]
INFO: [ view_parse ] --START--
INFO: [ template_filter ] --START--
INFO: Run Behavior\ContentReplaceBehavior [ RunTime:0.000029s ]
INFO: [ template_filter ] --END-- [ RunTime:0.000067s ]
NOTIC: [8] Undefined index: name /Library/WebServer/News/Application/Runtime/Cache/Home/76c9f62bd3cfdcbee153fe5746e8b52e.php 第 19 行.
NOTIC: [8] Undefined index: name /Library/WebServer/News/Application/Runtime/Cache/Home/76c9f62bd3cfdcbee153fe5746e8b52e.php 第 19 行.
INFO: Run Behavior\ParseTemplateBehavior [ RunTime:0.004445s ]
INFO: [ view_parse ] --END-- [ RunTime:0.004487s ]
INFO: [ view_filter ] --START--
INFO: Run Behavior\WriteHtmlCacheBehavior [ RunTime:0.000132s ]
INFO: [ view_filter ] --END-- [ RunTime:0.000159s ]
INFO: [ view_parse ] --START--
INFO: [ template_filter ] --START--
INFO: Run Behavior\ContentReplaceBehavior [ RunTime:0.000033s ]
INFO: [ template_filter ] --END-- [ RunTime:-0.008703s ]
NOTIC: [8] Undefined variable: config /Library/WebServer/News/Application/Runtime/Cache/Home/2a94b8bda04ff446dcedd42276fc99ee.php 第 5 行.
NOTIC: [8] Undefined variable: config /Library/WebServer/News/Application/Runtime/Cache/Home/2a94b8bda04ff446dcedd42276fc99ee.php 第 6 行.
NOTIC: [8] Undefined variable: config /Library/WebServer/News/Application/Runtime/Cache/Home/2a94b8bda04ff446dcedd42276fc99ee.php 第 7 行.
NOTIC: [8] Undefined variable: result /Library/WebServer/News/Application/Runtime/Cache/Home/2a94b8bda04ff446dcedd42276fc99ee.php 第 21 行.
NOTIC: [8] Undefined variable: result /Library/WebServer/News/Application/Runtime/Cache/Home/2a94b8bda04ff446dcedd42276fc99ee.php 第 22 行.
NOTIC: [8] Undefined variable: result /Library/WebServer/News/Application/Runtime/Cache/Home/2a94b8bda04ff446dcedd42276fc99ee.php 第 22 行.
NOTIC: [8] Undefined variable: result /Library/WebServer/News/Application/Runtime/Cache/Home/2a94b8bda04ff446dcedd42276fc99ee.php 第 22 行.
NOTIC: [8] Undefined index: name /Library/WebServer/News/Application/Runtime/Cache/Home/2a94b8bda04ff446dcedd42276fc99ee.php 第 83 行.
NOTIC: [8] Undefined index: name /Library/WebServer/News/Application/Runtime/Cache/Home/2a94b8bda04ff446dcedd42276fc99ee.php 第 83 行.
INFO: Run Behavior\ParseTemplateBehavior [ RunTime:0.009356s ]
INFO: [ view_parse ] --END-- [ RunTime:-0.000218s ]
INFO: [ view_filter ] --START--
INFO: Run Behavior\WriteHtmlCacheBehavior [ RunTime:0.000012s ]
INFO: [ view_filter ] --END-- [ RunTime:-0.009460s ]
INFO: [ app_end ] --START--
INFO: Run Behavior\ShowPageTraceBehavior [ RunTime:0.000407s ]
INFO: [ app_end ] --END-- [ RunTime:0.000436s ]

[ 2017-09-04T10:00:28+08:00 ] 127.0.0.1 /
INFO: [ app_init ] --START--
INFO: Run Behavior\BuildLiteBehavior [ RunTime:0.000164s ]
INFO: [ app_init ] --END-- [ RunTime:0.000457s ]
INFO: [ app_begin ] --START--
INFO: Run Behavior\ReadHtmlCacheBehavior [ RunTime:0.000915s ]
INFO: [ app_begin ] --END-- [ RunTime:0.000965s ]
SQL: SHOW COLUMNS FROM `cms_position_content` [ RunTime:0.0006s ]
SQL: SHOW COLUMNS FROM `cms_position_content` [ RunTime:0.0005s ]
SQL: SELECT * FROM cms_position_content p left join cms_news as n on p.news_id = n.news_id  WHERE p.status <> -1  [ RunTime:0.0006s ]
SQL: SHOW COLUMNS FROM `cms_news` [ RunTime:0.0007s ]
NOTIC: [8] Undefined index: title /Library/WebServer/News/Application/Common/Model/contentModel.class.php 第 31 行.
NOTIC: [8] Undefined index: catid /Library/WebServer/News/Application/Common/Model/contentModel.class.php 第 39 行.
SQL: SELECT * FROM `cms_news` ORDER BY listorder desc, news_id desc  [ RunTime:0.0004s ]
SQL: SHOW COLUMNS FROM `cms_menu` [ RunTime:0.0005s ]
SQL: SELECT * FROM `cms_menu` WHERE `status` = 1 AND `type` = 0  [ RunTime:0.0003s ]
INFO: [ view_parse ] --START--
INFO: [ template_filter ] --START--
INFO: Run Behavior\ContentReplaceBehavior [ RunTime:0.000027s ]
INFO: [ template_filter ] --END-- [ RunTime:0.000064s ]
NOTIC: [8] Undefined index: name /Library/WebServer/News/Application/Runtime/Cache/Home/76c9f62bd3cfdcbee153fe5746e8b52e.php 第 19 行.
NOTIC: [8] Undefined index: name /Library/WebServer/News/Application/Runtime/Cache/Home/76c9f62bd3cfdcbee153fe5746e8b52e.php 第 19 行.
INFO: Run Behavior\ParseTemplateBehavior [ RunTime:0.006581s ]
INFO: [ view_parse ] --END-- [ RunTime:0.006619s ]
INFO: [ view_filter ] --START--
INFO: Run Behavior\WriteHtmlCacheBehavior [ RunTime:0.000102s ]
INFO: [ view_filter ] --END-- [ RunTime:0.000176s ]
INFO: [ view_parse ] --START--
INFO: [ template_filter ] --START--
INFO: Run Behavior\ContentReplaceBehavior [ RunTime:0.000053s ]
INFO: [ template_filter ] --END-- [ RunTime:-0.006610s ]
NOTIC: [8] Undefined variable: config /Library/WebServer/News/Application/Runtime/Cache/Home/2a94b8bda04ff446dcedd42276fc99ee.php 第 5 行.
NOTIC: [8] Undefined variable: config /Library/WebServer/News/Application/Runtime/Cache/Home/2a94b8bda04ff446dcedd42276fc99ee.php 第 6 行.
NOTIC: [8] Undefined variable: config /Library/WebServer/News/Application/Runtime/Cache/Home/2a94b8bda04ff446dcedd42276fc99ee.php 第 7 行.
NOTIC: [8] Undefined variable: result /Library/WebServer/News/Application/Runtime/Cache/Home/2a94b8bda04ff446dcedd42276fc99ee.php 第 21 行.
NOTIC: [8] Undefined variable: result /Library/WebServer/News/Application/Runtime/Cache/Home/2a94b8bda04ff446dcedd42276fc99ee.php 第 22 行.
NOTIC: [8] Undefined variable: result /Library/WebServer/News/Application/Runtime/Cache/Home/2a94b8bda04ff446dcedd42276fc99ee.php 第 22 行.
NOTIC: [8] Undefined variable: result /Library/WebServer/News/Application/Runtime/Cache/Home/2a94b8bda04ff446dcedd42276fc99ee.php 第 22 行.
NOTIC: [8] Undefined index: name /Library/WebServer/News/Application/Runtime/Cache/Home/2a94b8bda04ff446dcedd42276fc99ee.php 第 83 行.
NOTIC: [8] Undefined index: name /Library/WebServer/News/Application/Runtime/Cache/Home/2a94b8bda04ff446dcedd42276fc99ee.php 第 83 行.
INFO: Run Behavior\ParseTemplateBehavior [ RunTime:0.008826s ]
INFO: [ view_parse ] --END-- [ RunTime:-0.000267s ]
INFO: [ view_filter ] --START--
INFO: Run Behavior\WriteHtmlCacheBehavior [ RunTime:0.000012s ]
INFO: [ view_filter ] --END-- [ RunTime:-0.008963s ]
INFO: [ app_end ] --START--
INFO: Run Behavior\ShowPageTraceBehavior [ RunTime:0.000714s ]
INFO: [ app_end ] --END-- [ RunTime:0.000847s ]

